# JRE version: Java(TM) SE Runtime Environment (8.0_92-b14) (build 1.8.0_92-b14)
# Java VM: Java HotSpot(TM) 64-Bit Server VM (25.92-b14 mixed mode windows-amd64 compressed oops)
Heap:
 PSYoungGen      total 229376K, used 38865K [0x00000006c0180000, 0x00000006d0180000, 0x00000007c0000000)
  eden space 196608K, 19% used [0x00000006c0180000,0x00000006c2774550,0x00000006cc180000)
  from space 32768K, 0% used [0x00000006cc180000,0x00000006cc180000,0x00000006ce180000)
  to   space 32768K, 0% used [0x00000006ce180000,0x00000006ce180000,0x00000006d0180000)
 ParOldGen       total 356352K, used 14428K [0x00000004c0400000, 0x00000004d6000000, 0x00000006c0180000)
  object space 356352K, 4% used [0x00000004c0400000,0x00000004c12170c8,0x00000004d6000000)
 Metaspace       used 37543K, capacity 38170K, committed 38528K, reserved 1083392K
  class space    used 4924K, capacity 5121K, committed 5248K, reserved 1048576K
GC Heap History (10 events):
Event: 3.646 GC heap before
{Heap before GC invocations=1 (full 0):
 PSYoungGen      total 229376K, used 173046K [0x00000006c0180000, 0x00000006d0180000, 0x00000007c0000000)
  eden space 196608K, 88% used [0x00000006c0180000,0x00000006caa7da90,0x00000006cc180000)
  from space 32768K, 0% used [0x00000006ce180000,0x00000006ce180000,0x00000006d0180000)
  to   space 32768K, 0% used [0x00000006cc180000,0x00000006cc180000,0x00000006ce180000)
 ParOldGen       total 524288K, used 0K [0x00000004c0400000, 0x00000004e0400000, 0x00000006c0180000)
  object space 524288K, 0% used [0x00000004c0400000,0x00000004c0400000,0x00000004e0400000)
 Metaspace       used 20634K, capacity 21018K, committed 21248K, reserved 1067008K
  class space    used 2533K, capacity 2708K, committed 2816K, reserved 1048576K
Event: 3.666 GC heap after
Heap after GC invocations=1 (full 0):
 PSYoungGen      total 229376K, used 19478K [0x00000006c0180000, 0x00000006d0180000, 0x00000007c0000000)
  eden space 196608K, 0% used [0x00000006c0180000,0x00000006c0180000,0x00000006cc180000)
  from space 32768K, 59% used [0x00000006cc180000,0x00000006cd485900,0x00000006ce180000)
  to   space 32768K, 0% used [0x00000006ce180000,0x00000006ce180000,0x00000006d0180000)
 ParOldGen       total 524288K, used 24K [0x00000004c0400000, 0x00000004e0400000, 0x00000006c0180000)
  object space 524288K, 0% used [0x00000004c0400000,0x00000004c0406000,0x00000004e0400000)
 Metaspace       used 20634K, capacity 21018K, committed 21248K, reserved 1067008K
  class space    used 2533K, capacity 2708K, committed 2816K, reserved 1048576K
}
Event: 3.666 GC heap before
{Heap before GC invocations=2 (full 1):
 PSYoungGen      total 229376K, used 19478K [0x00000006c0180000, 0x00000006d0180000, 0x00000007c0000000)
  eden space 196608K, 0% used [0x00000006c0180000,0x00000006c0180000,0x00000006cc180000)
  from space 32768K, 59% used [0x00000006cc180000,0x00000006cd485900,0x00000006ce180000)
  to   space 32768K, 0% used [0x00000006ce180000,0x00000006ce180000,0x00000006d0180000)
 ParOldGen       total 524288K, used 24K [0x00000004c0400000, 0x00000004e0400000, 0x00000006c0180000)
  object space 524288K, 0% used [0x00000004c0400000,0x00000004c0406000,0x00000004e0400000)
 Metaspace       used 20634K, capacity 21018K, committed 21248K, reserved 1067008K
  class space    used 2533K, capacity 2708K, committed 2816K, reserved 1048576K
Event: 3.719 GC heap after
Heap after GC invocations=2 (full 1):
 PSYoungGen      total 229376K, used 0K [0x00000006c0180000, 0x00000006d0180000, 0x00000007c0000000)
  eden space 196608K, 0% used [0x00000006c0180000,0x00000006c0180000,0x00000006cc180000)
  from space 32768K, 0% used [0x00000006cc180000,0x00000006cc180000,0x00000006ce180000)
  to   space 32768K, 0% used [0x00000006ce180000,0x00000006ce180000,0x00000006d0180000)
 ParOldGen       total 360448K, used 18684K [0x00000004c0400000, 0x00000004d6400000, 0x00000006c0180000)
  object space 360448K, 5% used [0x00000004c0400000,0x00000004c163f068,0x00000004d6400000)
 Metaspace       used 20634K, capacity 21018K, committed 21248K, reserved 1067008K
  class space    used 2533K, capacity 2708K, committed 2816K, reserved 1048576K
}
Event: 125.983 GC heap before
{Heap before GC invocations=3 (full 1):
 PSYoungGen      total 229376K, used 194726K [0x00000006c0180000, 0x00000006d0180000, 0x00000007c0000000)
  eden space 196608K, 99% used [0x00000006c0180000,0x00000006cbfa9bc0,0x00000006cc180000)
  from space 32768K, 0% used [0x00000006cc180000,0x00000006cc180000,0x00000006ce180000)
  to   space 32768K, 0% used [0x00000006ce180000,0x00000006ce180000,0x00000006d0180000)
 ParOldGen       total 360448K, used 18684K [0x00000004c0400000, 0x00000004d6400000, 0x00000006c0180000)
  object space 360448K, 5% used [0x00000004c0400000,0x00000004c163f068,0x00000004d6400000)
 Metaspace       used 33567K, capacity 34132K, committed 34432K, reserved 1079296K
  class space    used 4508K, capacity 4688K, committed 4736K, reserved 1048576K
Event: 126.028 GC heap after
Heap after GC invocations=3 (full 1):
 PSYoungGen      total 229376K, used 16893K [0x00000006c0180000, 0x00000006d0180000, 0x00000007c0000000)
  eden space 196608K, 0% used [0x00000006c0180000,0x00000006c0180000,0x00000006cc180000)
  from space 32768K, 51% used [0x00000006ce180000,0x00000006cf1ff4e8,0x00000006d0180000)
  to   space 32768K, 0% used [0x00000006cc180000,0x00000006cc180000,0x00000006ce180000)
 ParOldGen       total 360448K, used 18700K [0x00000004c0400000, 0x00000004d6400000, 0x00000006c0180000)
  object space 360448K, 5% used [0x00000004c0400000,0x00000004c1643068,0x00000004d6400000)
 Metaspace       used 33567K, capacity 34132K, committed 34432K, reserved 1079296K
  class space    used 4508K, capacity 4688K, committed 4736K, reserved 1048576K
}
Event: 281.096 GC heap before
{Heap before GC invocations=4 (full 1):
 PSYoungGen      total 229376K, used 124360K [0x00000006c0180000, 0x00000006d0180000, 0x00000007c0000000)
  eden space 196608K, 54% used [0x00000006c0180000,0x00000006c6a72df0,0x00000006cc180000)
  from space 32768K, 51% used [0x00000006ce180000,0x00000006cf1ff4e8,0x00000006d0180000)
  to   space 32768K, 0% used [0x00000006cc180000,0x00000006cc180000,0x00000006ce180000)
 ParOldGen       total 360448K, used 18700K [0x00000004c0400000, 0x00000004d6400000, 0x00000006c0180000)
  object space 360448K, 5% used [0x00000004c0400000,0x00000004c1643068,0x00000004d6400000)
 Metaspace       used 34633K, capacity 35214K, committed 35416K, reserved 1079296K
  class space    used 4608K, capacity 4799K, committed 4864K, reserved 1048576K
Event: 281.103 GC heap after
Heap after GC invocations=4 (full 1):
 PSYoungGen      total 229376K, used 6423K [0x00000006c0180000, 0x00000006d0180000, 0x00000007c0000000)
  eden space 196608K, 0% used [0x00000006c0180000,0x00000006c0180000,0x00000006cc180000)
  from space 32768K, 19% used [0x00000006cc180000,0x00000006cc7c5f40,0x00000006ce180000)
  to   space 32768K, 0% used [0x00000006ce180000,0x00000006ce180000,0x00000006d0180000)
 ParOldGen       total 360448K, used 18708K [0x00000004c0400000, 0x00000004d6400000, 0x00000006c0180000)
  object space 360448K, 5% used [0x00000004c0400000,0x00000004c1645068,0x00000004d6400000)
 Metaspace       used 34633K, capacity 35214K, committed 35416K, reserved 1079296K
  class space    used 4608K, capacity 4799K, committed 4864K, reserved 1048576K
}
Event: 281.103 GC heap before
{Heap before GC invocations=5 (full 2):
 PSYoungGen      total 229376K, used 6423K [0x00000006c0180000, 0x00000006d0180000, 0x00000007c0000000)
  eden space 196608K, 0% used [0x00000006c0180000,0x00000006c0180000,0x00000006cc180000)
  from space 32768K, 19% used [0x00000006cc180000,0x00000006cc7c5f40,0x00000006ce180000)
  to   space 32768K, 0% used [0x00000006ce180000,0x00000006ce180000,0x00000006d0180000)
 ParOldGen       total 360448K, used 18708K [0x00000004c0400000, 0x00000004d6400000, 0x00000006c0180000)
  object space 360448K, 5% used [0x00000004c0400000,0x00000004c1645068,0x00000004d6400000)
 Metaspace       used 34633K, capacity 35214K, committed 35416K, reserved 1079296K
  class space    used 4608K, capacity 4799K, committed 4864K, reserved 1048576K
Event: 281.149 GC heap after
Heap after GC invocations=5 (full 2):
 PSYoungGen      total 229376K, used 0K [0x00000006c0180000, 0x00000006d0180000, 0x00000007c0000000)
  eden space 196608K, 0% used [0x00000006c0180000,0x00000006c0180000,0x00000006cc180000)
  from space 32768K, 0% used [0x00000006cc180000,0x00000006cc180000,0x00000006ce180000)
  to   space 32768K, 0% used [0x00000006ce180000,0x00000006ce180000,0x00000006d0180000)
 ParOldGen       total 356352K, used 14428K [0x00000004c0400000, 0x00000004d6000000, 0x00000006c0180000)
  object space 356352K, 4% used [0x00000004c0400000,0x00000004c12170c8,0x00000004d6000000)
 Metaspace       used 34633K, capacity 35214K, committed 35416K, reserved 1079296K
  class space    used 4608K, capacity 4799K, committed 4864K, reserved 1048576K
}

