# JRE version: Java(TM) SE Runtime Environment (8.0_92-b14) (build 1.8.0_92-b14)
# Java VM: Java HotSpot(TM) 64-Bit Server VM (25.92-b14 mixed mode windows-amd64 compressed oops)
Heap:
 PSYoungGen      total 229376K, used 126626K [0x00000006c0180000, 0x00000006d5b80000, 0x00000007c0000000)
  eden space 196608K, 60% used [0x00000006c0180000,0x00000006c76223d0,0x00000006cc180000)
  from space 32768K, 21% used [0x00000006cc180000,0x00000006cc886770,0x00000006ce180000)
  to   space 32768K, 0% used [0x00000006d3b80000,0x00000006d3b80000,0x00000006d5b80000)
 ParOldGen       total 355328K, used 18700K [0x00000004c0400000, 0x00000004d5f00000, 0x00000006c0180000)
  object space 355328K, 5% used [0x00000004c0400000,0x00000004c1643180,0x00000004d5f00000)
 Metaspace       used 33467K, capacity 33970K, committed 34304K, reserved 1079296K
  class space    used 4362K, capacity 4553K, committed 4608K, reserved 1048576K
GC Heap History (8 events):
Event: 3.543 GC heap before
{Heap before GC invocations=1 (full 0):
 PSYoungGen      total 229376K, used 173037K [0x00000006c0180000, 0x00000006d0180000, 0x00000007c0000000)
  eden space 196608K, 88% used [0x00000006c0180000,0x00000006caa7b608,0x00000006cc180000)
  from space 32768K, 0% used [0x00000006ce180000,0x00000006ce180000,0x00000006d0180000)
  to   space 32768K, 0% used [0x00000006cc180000,0x00000006cc180000,0x00000006ce180000)
 ParOldGen       total 524288K, used 0K [0x00000004c0400000, 0x00000004e0400000, 0x00000006c0180000)
  object space 524288K, 0% used [0x00000004c0400000,0x00000004c0400000,0x00000004e0400000)
 Metaspace       used 20630K, capacity 21018K, committed 21248K, reserved 1067008K
  class space    used 2533K, capacity 2708K, committed 2816K, reserved 1048576K
Event: 3.564 GC heap after
Heap after GC invocations=1 (full 0):
 PSYoungGen      total 229376K, used 19490K [0x00000006c0180000, 0x00000006d0180000, 0x00000007c0000000)
  eden space 196608K, 0% used [0x00000006c0180000,0x00000006c0180000,0x00000006cc180000)
  from space 32768K, 59% used [0x00000006cc180000,0x00000006cd488bc0,0x00000006ce180000)
  to   space 32768K, 0% used [0x00000006ce180000,0x00000006ce180000,0x00000006d0180000)
 ParOldGen       total 524288K, used 32K [0x00000004c0400000, 0x00000004e0400000, 0x00000006c0180000)
  object space 524288K, 0% used [0x00000004c0400000,0x00000004c0408000,0x00000004e0400000)
 Metaspace       used 20630K, capacity 21018K, committed 21248K, reserved 1067008K
  class space    used 2533K, capacity 2708K, committed 2816K, reserved 1048576K
}
Event: 3.564 GC heap before
{Heap before GC invocations=2 (full 1):
 PSYoungGen      total 229376K, used 19490K [0x00000006c0180000, 0x00000006d0180000, 0x00000007c0000000)
  eden space 196608K, 0% used [0x00000006c0180000,0x00000006c0180000,0x00000006cc180000)
  from space 32768K, 59% used [0x00000006cc180000,0x00000006cd488bc0,0x00000006ce180000)
  to   space 32768K, 0% used [0x00000006ce180000,0x00000006ce180000,0x00000006d0180000)
 ParOldGen       total 524288K, used 32K [0x00000004c0400000, 0x00000004e0400000, 0x00000006c0180000)
  object space 524288K, 0% used [0x00000004c0400000,0x00000004c0408000,0x00000004e0400000)
 Metaspace       used 20630K, capacity 21018K, committed 21248K, reserved 1067008K
  class space    used 2533K, capacity 2708K, committed 2816K, reserved 1048576K
Event: 3.613 GC heap after
Heap after GC invocations=2 (full 1):
 PSYoungGen      total 229376K, used 0K [0x00000006c0180000, 0x00000006d0180000, 0x00000007c0000000)
  eden space 196608K, 0% used [0x00000006c0180000,0x00000006c0180000,0x00000006cc180000)
  from space 32768K, 0% used [0x00000006cc180000,0x00000006cc180000,0x00000006ce180000)
  to   space 32768K, 0% used [0x00000006ce180000,0x00000006ce180000,0x00000006d0180000)
 ParOldGen       total 355328K, used 18684K [0x00000004c0400000, 0x00000004d5f00000, 0x00000006c0180000)
  object space 355328K, 5% used [0x00000004c0400000,0x00000004c163f180,0x00000004d5f00000)
 Metaspace       used 20630K, capacity 21018K, committed 21248K, reserved 1067008K
  class space    used 2533K, capacity 2708K, committed 2816K, reserved 1048576K
}
Event: 44.950 GC heap before
{Heap before GC invocations=3 (full 1):
 PSYoungGen      total 229376K, used 195751K [0x00000006c0180000, 0x00000006d0180000, 0x00000007c0000000)
  eden space 196608K, 99% used [0x00000006c0180000,0x00000006cc0a9da8,0x00000006cc180000)
  from space 32768K, 0% used [0x00000006cc180000,0x00000006cc180000,0x00000006ce180000)
  to   space 32768K, 0% used [0x00000006ce180000,0x00000006ce180000,0x00000006d0180000)
 ParOldGen       total 355328K, used 18684K [0x00000004c0400000, 0x00000004d5f00000, 0x00000006c0180000)
  object space 355328K, 5% used [0x00000004c0400000,0x00000004c163f180,0x00000004d5f00000)
 Metaspace       used 29122K, capacity 29636K, committed 29952K, reserved 1075200K
  class space    used 3853K, capacity 4024K, committed 4096K, reserved 1048576K
Event: 44.955 GC heap after
Heap after GC invocations=3 (full 1):
 PSYoungGen      total 229376K, used 7819K [0x00000006c0180000, 0x00000006d2300000, 0x00000007c0000000)
  eden space 196608K, 0% used [0x00000006c0180000,0x00000006c0180000,0x00000006cc180000)
  from space 32768K, 23% used [0x00000006ce180000,0x00000006ce922f88,0x00000006d0180000)
  to   space 32768K, 0% used [0x00000006cc180000,0x00000006cc180000,0x00000006ce180000)
 ParOldGen       total 355328K, used 18692K [0x00000004c0400000, 0x00000004d5f00000, 0x00000006c0180000)
  object space 355328K, 5% used [0x00000004c0400000,0x00000004c1641180,0x00000004d5f00000)
 Metaspace       used 29122K, capacity 29636K, committed 29952K, reserved 1075200K
  class space    used 3853K, capacity 4024K, committed 4096K, reserved 1048576K
}
Event: 45.059 GC heap before
{Heap before GC invocations=4 (full 1):
 PSYoungGen      total 229376K, used 203962K [0x00000006c0180000, 0x00000006d2300000, 0x00000007c0000000)
  eden space 196608K, 99% used [0x00000006c0180000,0x00000006cc10ba80,0x00000006cc180000)
  from space 32768K, 23% used [0x00000006ce180000,0x00000006ce922f88,0x00000006d0180000)
  to   space 32768K, 0% used [0x00000006cc180000,0x00000006cc180000,0x00000006ce180000)
 ParOldGen       total 355328K, used 18692K [0x00000004c0400000, 0x00000004d5f00000, 0x00000006c0180000)
  object space 355328K, 5% used [0x00000004c0400000,0x00000004c1641180,0x00000004d5f00000)
 Metaspace       used 29122K, capacity 29636K, committed 29952K, reserved 1075200K
  class space    used 3853K, capacity 4024K, committed 4096K, reserved 1048576K
Event: 45.063 GC heap after
Heap after GC invocations=4 (full 1):
 PSYoungGen      total 229376K, used 7193K [0x00000006c0180000, 0x00000006d5b80000, 0x00000007c0000000)
  eden space 196608K, 0% used [0x00000006c0180000,0x00000006c0180000,0x00000006cc180000)
  from space 32768K, 21% used [0x00000006cc180000,0x00000006cc886770,0x00000006ce180000)
  to   space 32768K, 0% used [0x00000006d3b80000,0x00000006d3b80000,0x00000006d5b80000)
 ParOldGen       total 355328K, used 18700K [0x00000004c0400000, 0x00000004d5f00000, 0x00000006c0180000)
  object space 355328K, 5% used [0x00000004c0400000,0x00000004c1643180,0x00000004d5f00000)
 Metaspace       used 29122K, capacity 29636K, committed 29952K, reserved 1075200K
  class space    used 3853K, capacity 4024K, committed 4096K, reserved 1048576K
}

