# JRE version: Java(TM) SE Runtime Environment (8.0_92-b14) (build 1.8.0_92-b14)
# Java VM: Java HotSpot(TM) 64-Bit Server VM (25.92-b14 mixed mode windows-amd64 compressed oops)
Heap:
 PSYoungGen      total 907264K, used 61923K [0x00000006c0180000, 0x0000000710800000, 0x00000007c0000000)
  eden space 887296K, 5% used [0x00000006c0180000,0x00000006c3149420,0x00000006f6400000)
  from space 19968K, 65% used [0x00000006f6400000,0x00000006f70afa68,0x00000006f7780000)
  to   space 19456K, 0% used [0x000000070f500000,0x000000070f500000,0x0000000710800000)
 ParOldGen       total 354304K, used 26457K [0x00000004c0400000, 0x00000004d5e00000, 0x00000006c0180000)
  object space 354304K, 7% used [0x00000004c0400000,0x00000004c1dd6698,0x00000004d5e00000)
 Metaspace       used 33622K, capacity 34188K, committed 34560K, reserved 1079296K
  class space    used 4356K, capacity 4530K, committed 4608K, reserved 1048576K
GC Heap History (10 events):
Event: 127.058 GC heap before
{Heap before GC invocations=6 (full 1):
 PSYoungGen      total 320512K, used 299461K [0x00000006c0180000, 0x00000006d8800000, 0x00000007c0000000)
  eden space 287744K, 99% used [0x00000006c0180000,0x00000006d1957bb0,0x00000006d1a80000)
  from space 32768K, 39% used [0x00000006d3a80000,0x00000006d4719a90,0x00000006d5a80000)
  to   space 32768K, 0% used [0x00000006d1a80000,0x00000006d1a80000,0x00000006d3a80000)
 ParOldGen       total 354304K, used 18694K [0x00000004c0400000, 0x00000004d5e00000, 0x00000006c0180000)
  object space 354304K, 5% used [0x00000004c0400000,0x00000004c1641ba8,0x00000004d5e00000)
 Metaspace       used 29527K, capacity 30060K, committed 30464K, reserved 1075200K
  class space    used 3896K, capacity 4068K, committed 4096K, reserved 1048576K
Event: 127.075 GC heap after
Heap after GC invocations=6 (full 1):
 PSYoungGen      total 320512K, used 16478K [0x00000006c0180000, 0x00000006e1380000, 0x00000007c0000000)
  eden space 287744K, 0% used [0x00000006c0180000,0x00000006c0180000,0x00000006d1a80000)
  from space 32768K, 50% used [0x00000006d1a80000,0x00000006d2a97ac0,0x00000006d3a80000)
  to   space 20480K, 0% used [0x00000006dff80000,0x00000006dff80000,0x00000006e1380000)
 ParOldGen       total 354304K, used 18694K [0x00000004c0400000, 0x00000004d5e00000, 0x00000006c0180000)
  object space 354304K, 5% used [0x00000004c0400000,0x00000004c1641ba8,0x00000004d5e00000)
 Metaspace       used 29527K, capacity 30060K, committed 30464K, reserved 1075200K
  class space    used 3896K, capacity 4068K, committed 4096K, reserved 1048576K
}
Event: 127.261 GC heap before
{Heap before GC invocations=7 (full 1):
 PSYoungGen      total 320512K, used 303126K [0x00000006c0180000, 0x00000006e1380000, 0x00000007c0000000)
  eden space 287744K, 99% used [0x00000006c0180000,0x00000006d196def8,0x00000006d1a80000)
  from space 32768K, 50% used [0x00000006d1a80000,0x00000006d2a97ac0,0x00000006d3a80000)
  to   space 20480K, 0% used [0x00000006dff80000,0x00000006dff80000,0x00000006e1380000)
 ParOldGen       total 354304K, used 18694K [0x00000004c0400000, 0x00000004d5e00000, 0x00000006c0180000)
  object space 354304K, 5% used [0x00000004c0400000,0x00000004c1641ba8,0x00000004d5e00000)
 Metaspace       used 29527K, capacity 30060K, committed 30464K, reserved 1075200K
  class space    used 3896K, capacity 4068K, committed 4096K, reserved 1048576K
Event: 127.275 GC heap after
Heap after GC invocations=7 (full 1):
 PSYoungGen      total 522240K, used 15446K [0x00000006c0180000, 0x00000006e1880000, 0x00000007c0000000)
  eden space 501760K, 0% used [0x00000006c0180000,0x00000006c0180000,0x00000006deb80000)
  from space 20480K, 75% used [0x00000006dff80000,0x00000006e0e95aa0,0x00000006e1380000)
  to   space 20480K, 0% used [0x00000006deb80000,0x00000006deb80000,0x00000006dff80000)
 ParOldGen       total 354304K, used 18702K [0x00000004c0400000, 0x00000004d5e00000, 0x00000006c0180000)
  object space 354304K, 5% used [0x00000004c0400000,0x00000004c1643ba8,0x00000004d5e00000)
 Metaspace       used 29527K, capacity 30060K, committed 30464K, reserved 1075200K
  class space    used 3896K, capacity 4068K, committed 4096K, reserved 1048576K
}
Event: 127.661 GC heap before
{Heap before GC invocations=8 (full 1):
 PSYoungGen      total 522240K, used 515029K [0x00000006c0180000, 0x00000006e1880000, 0x00000007c0000000)
  eden space 501760K, 99% used [0x00000006c0180000,0x00000006de95fb98,0x00000006deb80000)
  from space 20480K, 75% used [0x00000006dff80000,0x00000006e0e95aa0,0x00000006e1380000)
  to   space 20480K, 0% used [0x00000006deb80000,0x00000006deb80000,0x00000006dff80000)
 ParOldGen       total 354304K, used 18702K [0x00000004c0400000, 0x00000004d5e00000, 0x00000006c0180000)
  object space 354304K, 5% used [0x00000004c0400000,0x00000004c1643ba8,0x00000004d5e00000)
 Metaspace       used 29527K, capacity 30060K, committed 30464K, reserved 1075200K
  class space    used 3896K, capacity 4068K, committed 4096K, reserved 1048576K
Event: 127.687 GC heap after
Heap after GC invocations=8 (full 1):
 PSYoungGen      total 522240K, used 12428K [0x00000006c0180000, 0x00000006f8b00000, 0x00000007c0000000)
  eden space 501760K, 0% used [0x00000006c0180000,0x00000006c0180000,0x00000006deb80000)
  from space 20480K, 60% used [0x00000006deb80000,0x00000006df7a3050,0x00000006dff80000)
  to   space 19968K, 0% used [0x00000006f7780000,0x00000006f7780000,0x00000006f8b00000)
 ParOldGen       total 354304K, used 26449K [0x00000004c0400000, 0x00000004d5e00000, 0x00000006c0180000)
  object space 354304K, 7% used [0x00000004c0400000,0x00000004c1dd4698,0x00000004d5e00000)
 Metaspace       used 29527K, capacity 30060K, committed 30464K, reserved 1075200K
  class space    used 3896K, capacity 4068K, committed 4096K, reserved 1048576K
}
Event: 127.937 GC heap before
{Heap before GC invocations=9 (full 1):
 PSYoungGen      total 522240K, used 513259K [0x00000006c0180000, 0x00000006f8b00000, 0x00000007c0000000)
  eden space 501760K, 99% used [0x00000006c0180000,0x00000006dea97ef8,0x00000006deb80000)
  from space 20480K, 60% used [0x00000006deb80000,0x00000006df7a3050,0x00000006dff80000)
  to   space 19968K, 0% used [0x00000006f7780000,0x00000006f7780000,0x00000006f8b00000)
 ParOldGen       total 354304K, used 26449K [0x00000004c0400000, 0x00000004d5e00000, 0x00000006c0180000)
  object space 354304K, 7% used [0x00000004c0400000,0x00000004c1dd4698,0x00000004d5e00000)
 Metaspace       used 29527K, capacity 30060K, committed 30464K, reserved 1075200K
  class space    used 3896K, capacity 4068K, committed 4096K, reserved 1048576K
Event: 127.958 GC heap after
Heap after GC invocations=9 (full 1):
 PSYoungGen      total 907264K, used 10756K [0x00000006c0180000, 0x00000006f9400000, 0x00000007c0000000)
  eden space 887296K, 0% used [0x00000006c0180000,0x00000006c0180000,0x00000006f6400000)
  from space 19968K, 53% used [0x00000006f7780000,0x00000006f8201040,0x00000006f8b00000)
  to   space 19968K, 0% used [0x00000006f6400000,0x00000006f6400000,0x00000006f7780000)
 ParOldGen       total 354304K, used 26449K [0x00000004c0400000, 0x00000004d5e00000, 0x00000006c0180000)
  object space 354304K, 7% used [0x00000004c0400000,0x00000004c1dd4698,0x00000004d5e00000)
 Metaspace       used 29527K, capacity 30060K, committed 30464K, reserved 1075200K
  class space    used 3896K, capacity 4068K, committed 4096K, reserved 1048576K
}
Event: 390.445 GC heap before
{Heap before GC invocations=10 (full 1):
 PSYoungGen      total 907264K, used 898052K [0x00000006c0180000, 0x00000006f9400000, 0x00000007c0000000)
  eden space 887296K, 100% used [0x00000006c0180000,0x00000006f6400000,0x00000006f6400000)
  from space 19968K, 53% used [0x00000006f7780000,0x00000006f8201040,0x00000006f8b00000)
  to   space 19968K, 0% used [0x00000006f6400000,0x00000006f6400000,0x00000006f7780000)
 ParOldGen       total 354304K, used 26449K [0x00000004c0400000, 0x00000004d5e00000, 0x00000006c0180000)
  object space 354304K, 7% used [0x00000004c0400000,0x00000004c1dd4698,0x00000004d5e00000)
 Metaspace       used 33617K, capacity 34188K, committed 34560K, reserved 1079296K
  class space    used 4355K, capacity 4530K, committed 4608K, reserved 1048576K
Event: 390.461 GC heap after
Heap after GC invocations=10 (full 1):
 PSYoungGen      total 907264K, used 12990K [0x00000006c0180000, 0x0000000710800000, 0x00000007c0000000)
  eden space 887296K, 0% used [0x00000006c0180000,0x00000006c0180000,0x00000006f6400000)
  from space 19968K, 65% used [0x00000006f6400000,0x00000006f70afa68,0x00000006f7780000)
  to   space 19456K, 0% used [0x000000070f500000,0x000000070f500000,0x0000000710800000)
 ParOldGen       total 354304K, used 26457K [0x00000004c0400000, 0x00000004d5e00000, 0x00000006c0180000)
  object space 354304K, 7% used [0x00000004c0400000,0x00000004c1dd6698,0x00000004d5e00000)
 Metaspace       used 33617K, capacity 34188K, committed 34560K, reserved 1079296K
  class space    used 4355K, capacity 4530K, committed 4608K, reserved 1048576K
}

