# JRE version: Java(TM) SE Runtime Environment (8.0_92-b14) (build 1.8.0_92-b14)
# Java VM: Java HotSpot(TM) 64-Bit Server VM (25.92-b14 mixed mode windows-amd64 compressed oops)
Heap:
 PSYoungGen      total 229376K, used 42752K [0x00000006c0180000, 0x00000006d0180000, 0x00000007c0000000)
  eden space 196608K, 21% used [0x00000006c0180000,0x00000006c2b402c0,0x00000006cc180000)
  from space 32768K, 0% used [0x00000006ce180000,0x00000006ce180000,0x00000006d0180000)
  to   space 32768K, 0% used [0x00000006cc180000,0x00000006cc180000,0x00000006ce180000)
 ParOldGen       total 605184K, used 14742K [0x00000004c0400000, 0x00000004e5300000, 0x00000006c0180000)
  object space 605184K, 2% used [0x00000004c0400000,0x00000004c1265ac8,0x00000004e5300000)
 Metaspace       used 36400K, capacity 36960K, committed 37376K, reserved 1081344K
  class space    used 4823K, capacity 5010K, committed 5120K, reserved 1048576K
GC Heap History (8 events):
Event: 3.618 GC heap before
{Heap before GC invocations=1 (full 0):
 PSYoungGen      total 229376K, used 173063K [0x00000006c0180000, 0x00000006d0180000, 0x00000007c0000000)
  eden space 196608K, 88% used [0x00000006c0180000,0x00000006caa81c68,0x00000006cc180000)
  from space 32768K, 0% used [0x00000006ce180000,0x00000006ce180000,0x00000006d0180000)
  to   space 32768K, 0% used [0x00000006cc180000,0x00000006cc180000,0x00000006ce180000)
 ParOldGen       total 524288K, used 0K [0x00000004c0400000, 0x00000004e0400000, 0x00000006c0180000)
  object space 524288K, 0% used [0x00000004c0400000,0x00000004c0400000,0x00000004e0400000)
 Metaspace       used 20640K, capacity 21018K, committed 21248K, reserved 1067008K
  class space    used 2534K, capacity 2708K, committed 2816K, reserved 1048576K
Event: 3.639 GC heap after
Heap after GC invocations=1 (full 0):
 PSYoungGen      total 229376K, used 19445K [0x00000006c0180000, 0x00000006d0180000, 0x00000007c0000000)
  eden space 196608K, 0% used [0x00000006c0180000,0x00000006c0180000,0x00000006cc180000)
  from space 32768K, 59% used [0x00000006cc180000,0x00000006cd47d708,0x00000006ce180000)
  to   space 32768K, 0% used [0x00000006ce180000,0x00000006ce180000,0x00000006d0180000)
 ParOldGen       total 524288K, used 32K [0x00000004c0400000, 0x00000004e0400000, 0x00000006c0180000)
  object space 524288K, 0% used [0x00000004c0400000,0x00000004c0408000,0x00000004e0400000)
 Metaspace       used 20640K, capacity 21018K, committed 21248K, reserved 1067008K
  class space    used 2534K, capacity 2708K, committed 2816K, reserved 1048576K
}
Event: 3.639 GC heap before
{Heap before GC invocations=2 (full 1):
 PSYoungGen      total 229376K, used 19445K [0x00000006c0180000, 0x00000006d0180000, 0x00000007c0000000)
  eden space 196608K, 0% used [0x00000006c0180000,0x00000006c0180000,0x00000006cc180000)
  from space 32768K, 59% used [0x00000006cc180000,0x00000006cd47d708,0x00000006ce180000)
  to   space 32768K, 0% used [0x00000006ce180000,0x00000006ce180000,0x00000006d0180000)
 ParOldGen       total 524288K, used 32K [0x00000004c0400000, 0x00000004e0400000, 0x00000006c0180000)
  object space 524288K, 0% used [0x00000004c0400000,0x00000004c0408000,0x00000004e0400000)
 Metaspace       used 20640K, capacity 21018K, committed 21248K, reserved 1067008K
  class space    used 2534K, capacity 2708K, committed 2816K, reserved 1048576K
Event: 3.693 GC heap after
Heap after GC invocations=2 (full 1):
 PSYoungGen      total 229376K, used 0K [0x00000006c0180000, 0x00000006d0180000, 0x00000007c0000000)
  eden space 196608K, 0% used [0x00000006c0180000,0x00000006c0180000,0x00000006cc180000)
  from space 32768K, 0% used [0x00000006cc180000,0x00000006cc180000,0x00000006ce180000)
  to   space 32768K, 0% used [0x00000006ce180000,0x00000006ce180000,0x00000006d0180000)
 ParOldGen       total 359424K, used 18689K [0x00000004c0400000, 0x00000004d6300000, 0x00000006c0180000)
  object space 359424K, 5% used [0x00000004c0400000,0x00000004c1640440,0x00000004d6300000)
 Metaspace       used 20640K, capacity 21018K, committed 21248K, reserved 1067008K
  class space    used 2534K, capacity 2708K, committed 2816K, reserved 1048576K
}
Event: 151.400 GC heap before
{Heap before GC invocations=3 (full 1):
 PSYoungGen      total 229376K, used 116922K [0x00000006c0180000, 0x00000006d0180000, 0x00000007c0000000)
  eden space 196608K, 59% used [0x00000006c0180000,0x00000006c73aeb30,0x00000006cc180000)
  from space 32768K, 0% used [0x00000006cc180000,0x00000006cc180000,0x00000006ce180000)
  to   space 32768K, 0% used [0x00000006ce180000,0x00000006ce180000,0x00000006d0180000)
 ParOldGen       total 359424K, used 18689K [0x00000004c0400000, 0x00000004d6300000, 0x00000006c0180000)
  object space 359424K, 5% used [0x00000004c0400000,0x00000004c1640440,0x00000004d6300000)
 Metaspace       used 34695K, capacity 35200K, committed 35416K, reserved 1079296K
  class space    used 4607K, capacity 4786K, committed 4864K, reserved 1048576K
Event: 151.410 GC heap after
Heap after GC invocations=3 (full 1):
 PSYoungGen      total 229376K, used 6853K [0x00000006c0180000, 0x00000006d0180000, 0x00000007c0000000)
  eden space 196608K, 0% used [0x00000006c0180000,0x00000006c0180000,0x00000006cc180000)
  from space 32768K, 20% used [0x00000006ce180000,0x00000006ce831530,0x00000006d0180000)
  to   space 32768K, 0% used [0x00000006cc180000,0x00000006cc180000,0x00000006ce180000)
 ParOldGen       total 359424K, used 18705K [0x00000004c0400000, 0x00000004d6300000, 0x00000006c0180000)
  object space 359424K, 5% used [0x00000004c0400000,0x00000004c1644440,0x00000004d6300000)
 Metaspace       used 34695K, capacity 35200K, committed 35416K, reserved 1079296K
  class space    used 4607K, capacity 4786K, committed 4864K, reserved 1048576K
}
Event: 151.411 GC heap before
{Heap before GC invocations=4 (full 2):
 PSYoungGen      total 229376K, used 6853K [0x00000006c0180000, 0x00000006d0180000, 0x00000007c0000000)
  eden space 196608K, 0% used [0x00000006c0180000,0x00000006c0180000,0x00000006cc180000)
  from space 32768K, 20% used [0x00000006ce180000,0x00000006ce831530,0x00000006d0180000)
  to   space 32768K, 0% used [0x00000006cc180000,0x00000006cc180000,0x00000006ce180000)
 ParOldGen       total 359424K, used 18705K [0x00000004c0400000, 0x00000004d6300000, 0x00000006c0180000)
  object space 359424K, 5% used [0x00000004c0400000,0x00000004c1644440,0x00000004d6300000)
 Metaspace       used 34695K, capacity 35200K, committed 35416K, reserved 1079296K
  class space    used 4607K, capacity 4786K, committed 4864K, reserved 1048576K
Event: 151.456 GC heap after
Heap after GC invocations=4 (full 2):
 PSYoungGen      total 229376K, used 0K [0x00000006c0180000, 0x00000006d0180000, 0x00000007c0000000)
  eden space 196608K, 0% used [0x00000006c0180000,0x00000006c0180000,0x00000006cc180000)
  from space 32768K, 0% used [0x00000006ce180000,0x00000006ce180000,0x00000006d0180000)
  to   space 32768K, 0% used [0x00000006cc180000,0x00000006cc180000,0x00000006ce180000)
 ParOldGen       total 605184K, used 14742K [0x00000004c0400000, 0x00000004e5300000, 0x00000006c0180000)
  object space 605184K, 2% used [0x00000004c0400000,0x00000004c1265ac8,0x00000004e5300000)
 Metaspace       used 34695K, capacity 35200K, committed 35416K, reserved 1079296K
  class space    used 4607K, capacity 4786K, committed 4864K, reserved 1048576K
}

